[debug] [2024-01-25T05:29:22.377Z] ----------------------------------------------------------------------
[debug] [2024-01-25T05:29:22.382Z] Command:       C:\Program Files\nodejs\node.exe C:\Users\sarah\AppData\Roaming\npm\node_modules\firebase-tools\lib\bin\firebase.js init
[debug] [2024-01-25T05:29:22.383Z] CLI Version:   13.0.3
[debug] [2024-01-25T05:29:22.383Z] Platform:      win32
[debug] [2024-01-25T05:29:22.383Z] Node Version:  v20.11.0
[debug] [2024-01-25T05:29:22.384Z] Time:          Thu Jan 25 2024 07:29:22 GMT+0200 (Eastern European Standard Time)
[debug] [2024-01-25T05:29:22.384Z] ----------------------------------------------------------------------
[debug] 
[debug] [2024-01-25T05:29:22.520Z] > command requires scopes: ["email","openid","https://www.googleapis.com/auth/cloudplatformprojects.readonly","https://www.googleapis.com/auth/firebase","https://www.googleapis.com/auth/cloud-platform"]
[debug] [2024-01-25T05:29:22.521Z] > authorizing via signed-in user (sarahibrahimabdelhamid@gmail.com)
[info] 
     ######## #### ########  ######## ########     ###     ######  ########
     ##        ##  ##     ## ##       ##     ##  ##   ##  ##       ##
     ######    ##  ########  ######   ########  #########  ######  ######
     ##        ##  ##    ##  ##       ##     ## ##     ##       ## ##
     ##       #### ##     ## ######## ########  ##     ##  ######  ########

You're about to initialize a Firebase project in this directory:

  D:\Blog\blog-frontend

Before we get started, keep in mind:

  * You are initializing within an existing Firebase project directory

[info] 
=== Project Setup
[info] 
[info] First, let's associate this project directory with a Firebase project.
[info] You can create multiple project aliases by running firebase use --add, 
[info] but for now we'll just set up a default project.
[info] 
[debug] [2024-01-25T05:29:26.374Z] Using project from CLI flag: react-blog-86b6e
[debug] [2024-01-25T05:29:26.378Z] >>> [apiv2][query] GET https://firebase.googleapis.com/v1beta1/projects/react-blog-86b6e [none]
[debug] [2024-01-25T05:29:27.055Z] <<< [apiv2][status] GET https://firebase.googleapis.com/v1beta1/projects/react-blog-86b6e 200
[debug] [2024-01-25T05:29:27.056Z] <<< [apiv2][body] GET https://firebase.googleapis.com/v1beta1/projects/react-blog-86b6e {"projectId":"react-blog-86b6e","projectNumber":"1088813698352","displayName":"react-blog","name":"projects/react-blog-86b6e","resources":{"hostingSite":"react-blog-86b6e"},"state":"ACTIVE","etag":"1_062415cf-f944-4850-af46-41d2d9431b51"}
[info] i  Using project react-blog-86b6e (react-blog) 
[info] 
=== Hosting Setup
[debug] [2024-01-25T05:29:27.076Z] >>> [apiv2][query] GET https://firebase.googleapis.com/v1beta1/projects/react-blog-86b6e [none]
[debug] [2024-01-25T05:29:27.301Z] <<< [apiv2][status] GET https://firebase.googleapis.com/v1beta1/projects/react-blog-86b6e 200
[debug] [2024-01-25T05:29:27.302Z] <<< [apiv2][body] GET https://firebase.googleapis.com/v1beta1/projects/react-blog-86b6e {"projectId":"react-blog-86b6e","projectNumber":"1088813698352","displayName":"react-blog","name":"projects/react-blog-86b6e","resources":{"hostingSite":"react-blog-86b6e"},"state":"ACTIVE","etag":"1_062415cf-f944-4850-af46-41d2d9431b51"}
[info] 
[info] Your public directory is the folder (relative to your project directory) that
[info] will contain Hosting assets to be uploaded with firebase deploy. If you
[info] have a build process for your assets, use your build's output directory.
[info] 
